2022/03/20 01:38:01 main.go:11: Server start!!!
2022/03/20 01:38:08 base.go:19: &{layout.html 0xc000120ea0 0xc000076370  }
2022/03/20 01:38:08 base.go:19: &{layout.html 0xc0000ba120 0xc0000b8000  }
2022/03/20 01:38:08 base.go:19: &{layout.html 0xc0000bad80 0xc0000b80a0  }
2022/03/20 01:38:08 base.go:19: &{layout.html 0xc0001219e0 0xc000076410  }
2022/03/20 01:38:08 base.go:19: &{layout.html 0xc0000bb9e0 0xc0000b8140  }
2022/03/20 01:38:08 base.go:19: &{layout.html 0xc0000ce480 0xc0000b81e0  }
2022/03/20 01:38:12 base.go:19: &{layout.html 0xc0000ceea0 0xc0000b8280  }
2022/03/20 01:38:12 base.go:19: &{layout.html 0xc000226a20 0xc000244000  }
2022/03/20 01:38:12 base.go:19: &{layout.html 0xc0000cf440 0xc0000b8320  }
2022/03/20 01:38:12 base.go:19: &{layout.html 0xc0002277a0 0xc0002440a0  }
2022/03/20 01:38:12 base.go:19: &{layout.html 0xc0000dc360 0xc0000b83c0  }
2022/03/20 01:38:12 base.go:19: &{layout.html 0xc0000dcfc0 0xc0000b8410  }
2022/03/20 01:52:29 main.go:11: Server start!!!
2022/03/20 01:52:35 base.go:19: &{layout.html 0xc0000cec60 0xc0000b4320  }
2022/03/20 01:52:36 base.go:19: &{layout.html 0xc0001b6120 0xc0001b4000  }
2022/03/20 01:52:36 base.go:19: &{layout.html 0xc000336120 0xc000334000  }
2022/03/20 01:52:36 base.go:19: &{layout.html 0xc0002c2120 0xc0002c0000  }
2022/03/20 01:52:36 base.go:19: &{layout.html 0xc000336c60 0xc0003340a0  }
2022/03/20 01:52:36 base.go:19: &{layout.html 0xc0000cefc0 0xc0000b43c0  }
2022/03/20 01:52:40 base.go:19: &{layout.html 0xc0002c2d80 0xc0002c00a0  }
2022/03/20 01:52:40 base.go:19: &{layout.html 0xc0003378c0 0xc000334140  }
2022/03/20 01:52:40 base.go:19: &{layout.html 0xc00020c7e0 0xc0000760a0  }
2022/03/20 01:52:40 base.go:19: &{layout.html 0xc0000cfc20 0xc0000b4460  }
2022/03/20 01:52:40 base.go:19: &{layout.html 0xc00034a480 0xc0003341e0  }
2022/03/20 01:52:40 base.go:19: &{layout.html 0xc0002c38c0 0xc0002c0140  }
2022/03/20 01:52:48 base.go:19: &{layout.html 0xc0002e0480 0xc0002c01e0  }
2022/03/20 01:52:48 base.go:19: &{layout.html 0xc0002e0ea0 0xc0002c0280  }
2022/03/20 01:52:48 base.go:19: &{layout.html 0xc00034afc0 0xc000334280  }
2022/03/20 01:52:48 base.go:19: &{layout.html 0xc00012e900 0xc0000b4500  }
2022/03/20 01:52:48 base.go:19: &{layout.html 0xc0001b6fc0 0xc0001b4050  }
2022/03/20 01:52:48 base.go:19: &{layout.html 0xc0003ac120 0xc0003aa000  }
2022/03/20 01:53:28 base.go:19: &{layout.html 0xc0001b79e0 0xc0001b40f0  }
2022/03/20 01:53:28 base.go:19: &{layout.html 0xc00034bb00 0xc000334320  }
2022/03/20 01:53:28 base.go:19: &{layout.html 0xc0003545a0 0xc0003343c0  }
2022/03/20 01:53:28 base.go:19: &{layout.html 0xc0003550e0 0xc000334460  }
2022/03/20 01:53:28 base.go:19: &{layout.html 0xc000355b00 0xc000334500  }
2022/03/20 01:53:28 base.go:19: &{layout.html 0xc00035c6c0 0xc0003345a0  }
2022/03/20 01:53:29 base.go:19: &{layout.html 0xc00035d320 0xc000334640  }
2022/03/20 01:53:29 base.go:19: &{layout.html 0xc0001dcb40 0xc0001b4190  }
2022/03/20 01:53:29 base.go:19: &{layout.html 0xc00035d7a0 0xc000334690  }
2022/03/20 01:53:29 base.go:19: &{layout.html 0xc0003acc60 0xc0003aa0f0  }
2022/03/20 01:53:29 base.go:19: &{layout.html 0xc00036c360 0xc000334730  }
2022/03/20 01:53:29 base.go:19: &{layout.html 0xc0002e18c0 0xc0002c0320  }
2022/03/20 01:53:33 base.go:19: &{layout.html 0xc00036cfc0 0xc000334820  }
2022/03/20 01:53:33 base.go:19: &{layout.html 0xc00036db00 0xc0003348c0  }
2022/03/20 01:53:33 base.go:19: &{layout.html 0xc00020d200 0xc000076140  }
2022/03/20 01:53:33 base.go:19: &{layout.html 0xc0003766c0 0xc000334960  }
2022/03/20 01:53:33 base.go:19: &{layout.html 0xc0003770e0 0xc000334a00  }
2022/03/20 01:53:33 base.go:19: &{layout.html 0xc000377c20 0xc000334aa0  }
2022/03/20 01:53:43 base.go:19: &{layout.html 0xc0002ecd80 0xc0002c09b0  }
2022/03/20 01:53:43 base.go:19: &{layout.html 0xc000406fc0 0xc000334b90  }
2022/03/20 01:53:43 base.go:19: &{layout.html 0xc0002ed0e0 0xc0002c0a00  }
2022/03/20 01:53:43 base.go:19: &{layout.html 0xc00020d560 0xc000076190  }
2022/03/20 01:53:43 base.go:19: &{layout.html 0xc000224000 0xc000076230  }
2022/03/20 01:53:43 base.go:19: &{layout.html 0xc000224c60 0xc0000762d0  }
2022/03/20 01:53:49 base.go:19: &{layout.html 0xc000412480 0xc000334cd0  }
2022/03/20 01:53:49 base.go:19: &{layout.html 0xc00048c240 0xc0002c0af0  }
2022/03/20 01:53:49 base.go:19: &{layout.html 0xc000412900 0xc000334d20  }
2022/03/20 01:53:49 base.go:19: &{layout.html 0xc00048cea0 0xc0002c0b90  }
2022/03/20 01:53:49 base.go:19: &{layout.html 0xc0003ad8c0 0xc0003aa190  }
2022/03/20 01:53:50 base.go:19: &{layout.html 0xc0002250e0 0xc000076320  }
2022/03/20 01:53:56 base.go:19: &{layout.html 0xc000230000 0xc000076410  }
2022/03/20 01:53:56 base.go:19: &{layout.html 0xc000230360 0xc000076460  }
2022/03/20 01:53:56 base.go:19: &{layout.html 0xc000413b00 0xc000334e10  }
2022/03/20 01:53:56 base.go:19: &{layout.html 0xc00048d8c0 0xc0002c0c30  }
2022/03/20 01:53:56 base.go:19: &{layout.html 0xc0003c2480 0xc0003aa280  }
2022/03/20 01:53:56 base.go:19: &{layout.html 0xc00012f320 0xc0000b45a0  }
2022/03/20 01:54:47 base.go:19: &{layout.html 0xc00012fe60 0xc0000b4690  }
2022/03/20 01:54:47 base.go:19: &{layout.html 0xc00049cc60 0xc0002c0d70  }
2022/03/20 01:54:47 base.go:19: &{layout.html 0xc000230ea0 0xc000076500  }
2022/03/20 01:54:47 base.go:19: &{layout.html 0xc000231b00 0xc0000765a0  }
2022/03/20 01:54:47 base.go:19: &{layout.html 0xc00049d9e0 0xc0002c0e10  }
2022/03/20 01:54:48 base.go:19: &{layout.html 0xc0002366c0 0xc000076640  }
2022/03/20 01:54:48 base.go:19: &{layout.html 0xc000237440 0xc000076730  }
2022/03/20 01:54:48 base.go:19: &{layout.html 0xc000134240 0xc0000b46e0  }
2022/03/20 01:54:48 base.go:19: &{layout.html 0xc000134d80 0xc0000b4780  }
2022/03/20 01:54:48 base.go:19: &{layout.html 0xc0003c3560 0xc0003aa320  }
2022/03/20 01:54:48 base.go:19: &{layout.html 0xc0002378c0 0xc000076780  }
2022/03/20 01:54:48 base.go:19: &{layout.html 0xc00024a480 0xc0000767d0  }
2022/03/20 01:54:49 base.go:19: &{layout.html 0xc0004a8480 0xc0002c0f00  }
2022/03/20 01:54:49 base.go:19: &{layout.html 0xc0001dd560 0xc0001b4230  }
2022/03/20 01:54:49 base.go:19: &{layout.html 0xc0004a8fc0 0xc0002c0fa0  }
2022/03/20 01:54:49 base.go:19: &{layout.html 0xc0001ee240 0xc0001b42d0  }
2022/03/20 01:54:49 base.go:19: &{layout.html 0xc0004a9b00 0xc0002c1040  }
2022/03/20 01:54:49 base.go:19: &{layout.html 0xc00024aea0 0xc000076870  }
2022/03/20 01:54:51 base.go:19: &{layout.html 0xc00024bb00 0xc000076910  }
2022/03/20 01:54:51 base.go:19: &{layout.html 0xc0004b46c0 0xc0002c10e0  }
2022/03/20 01:54:51 base.go:19: &{layout.html 0xc00024e900 0xc0000769b0  }
2022/03/20 01:54:51 base.go:19: &{layout.html 0xc0001eed80 0xc0001b4370  }
2022/03/20 01:54:51 base.go:19: &{layout.html 0xc000135b00 0xc0000b4820  }
2022/03/20 01:54:51 base.go:19: &{layout.html 0xc0003d8120 0xc0003aa410  }
2022/03/20 01:54:51 base.go:19: &{layout.html 0xc0003d8c60 0xc0003aa4b0  }
2022/03/20 01:54:51 base.go:19: &{layout.html 0xc0003d9680 0xc0003aa550  }
2022/03/20 01:54:51 base.go:19: &{layout.html 0xc0004b5200 0xc0002c11d0  }
2022/03/20 01:54:51 base.go:19: &{layout.html 0xc0001ef7a0 0xc0001b43c0  }
2022/03/20 01:54:51 base.go:19: &{layout.html 0xc0003de240 0xc0003aa5f0  }
2022/03/20 01:54:51 base.go:19: &{layout.html 0xc0003dec60 0xc0003aa640  }
2022/03/20 01:54:52 base.go:19: &{layout.html 0xc00041e900 0xc000334eb0  }
2022/03/20 01:54:52 base.go:19: &{layout.html 0xc00052a240 0xc000528000  }
2022/03/20 01:54:52 base.go:19: &{layout.html 0xc0003df8c0 0xc0003aa6e0  }
2022/03/20 01:54:52 base.go:19: &{layout.html 0xc00041f560 0xc000334f50  }
2022/03/20 01:54:52 base.go:19: &{layout.html 0xc0001f8360 0xc0001b44b0  }
2022/03/20 01:54:52 base.go:19: &{layout.html 0xc00042e000 0xc000334ff0  }
2022/03/20 01:54:52 base.go:19: &{layout.html 0xc0004b5d40 0xc0002c1270  }
2022/03/20 01:54:52 base.go:19: &{layout.html 0xc0004c2a20 0xc0002c1310  }
2022/03/20 01:54:52 base.go:19: &{layout.html 0xc00042eb40 0xc000335090  }
2022/03/20 01:54:52 base.go:19: &{layout.html 0xc0001f8ea0 0xc0001b4550  }
2022/03/20 01:54:52 base.go:19: &{layout.html 0xc0004c3680 0xc0002c13b0  }
2022/03/20 01:54:52 base.go:19: &{layout.html 0xc00013e6c0 0xc0000b48c0  }
2022/03/20 01:54:53 base.go:19: &{layout.html 0xc00013f440 0xc0000b4960  }
2022/03/20 01:54:53 base.go:19: &{layout.html 0xc00013fe60 0xc0000b49b0  }
2022/03/20 01:54:53 base.go:19: &{layout.html 0xc00042f7a0 0xc000335180  }
2022/03/20 01:54:53 base.go:19: &{layout.html 0xc00014e900 0xc0000b4a50  }
2022/03/20 01:54:53 base.go:19: &{layout.html 0xc0001f98c0 0xc0001b4640  }
2022/03/20 01:54:53 base.go:19: &{layout.html 0xc0005865a0 0xc0001b46e0  }
2022/03/20 01:54:53 base.go:19: &{layout.html 0xc000587440 0xc0001b4780  }
2022/03/20 01:54:53 base.go:19: &{layout.html 0xc00014f440 0xc0000b4af0  }
2022/03/20 01:54:53 base.go:19: &{layout.html 0xc000587e60 0xc0001b4820  }
2022/03/20 01:54:53 base.go:19: &{layout.html 0xc000590900 0xc0001b48c0  }
2022/03/20 01:54:53 base.go:19: &{layout.html 0xc0004ca360 0xc0002c1400  }
2022/03/20 01:54:53 base.go:19: &{layout.html 0xc000591320 0xc0001b49b0  }
2022/03/20 01:54:53 base.go:19: &{layout.html 0xc000591d40 0xc0001b4a50  }
2022/03/20 01:54:53 base.go:19: &{layout.html 0xc000438240 0xc000335220  }
2022/03/20 01:54:53 base.go:19: &{layout.html 0xc0005a0a20 0xc0001b4af0  }
2022/03/20 01:54:53 base.go:19: &{layout.html 0xc0004cad80 0xc0002c1450  }
2022/03/20 01:54:53 base.go:19: &{layout.html 0xc000438ea0 0xc000335310  }
2022/03/20 01:54:53 base.go:19: &{layout.html 0xc0004ca120 0xc0002c0000  }
2022/03/20 01:54:53 base.go:19: &{layout.html 0xc000438240 0xc000334000  }
2022/03/20 01:54:54 base.go:19: &{layout.html 0xc0004385a0 0xc000334050  }
2022/03/20 01:54:54 base.go:19: &{layout.html 0xc0000ceea0 0xc0000b40a0  }
2022/03/20 01:54:54 base.go:19: &{layout.html 0xc0005a8000 0xc0003340f0  }
2022/03/20 01:54:54 base.go:19: &{layout.html 0xc000178120 0xc0000760a0  }
2022/03/20 01:54:54 base.go:19: &{layout.html 0xc0004cab40 0xc0002c00a0  }
2022/03/20 01:54:54 base.go:19: &{layout.html 0xc000178b40 0xc000076140  }
2022/03/20 01:54:54 base.go:19: &{layout.html 0xc0004507e0 0xc0002c0190  }
2022/03/20 01:54:54 base.go:19: &{layout.html 0xc0005a8a20 0xc000334190  }
2022/03/20 01:54:54 base.go:19: &{layout.html 0xc0001797a0 0xc0000761e0  }
2022/03/20 01:54:54 base.go:19: &{layout.html 0xc000266360 0xc000264000  }
2022/03/20 01:54:54 base.go:19: &{layout.html 0xc000450c60 0xc0002c01e0  }
2022/03/20 01:54:54 base.go:19: &{layout.html 0xc000451680 0xc0002c0280  }
2022/03/20 01:54:54 base.go:19: &{layout.html 0xc00007c360 0xc000076280  }
2022/03/20 01:54:54 base.go:19: &{layout.html 0xc000266d80 0xc0002640a0  }
2022/03/20 01:54:54 base.go:19: &{layout.html 0xc0000cfb00 0xc0000b4140  }
2022/03/20 01:54:54 base.go:19: &{layout.html 0xc0002670e0 0xc0002640f0  }
2022/03/20 01:54:54 base.go:19: &{layout.html 0xc00007cfc0 0xc000076370  }
2022/03/20 01:54:54 base.go:19: &{layout.html 0xc00007d9e0 0xc000076410  }
2022/03/20 01:54:54 base.go:19: &{layout.html 0xc0004e0fc0 0xc0000b4320  }
2022/03/20 01:54:54 base.go:19: &{layout.html 0xc00007dd40 0xc000076460  }
2022/03/20 01:54:54 base.go:19: &{layout.html 0xc000267d40 0xc000264140  }
2022/03/20 01:54:54 base.go:19: &{layout.html 0xc0005a9e60 0xc000334230  }
2022/03/20 01:54:55 base.go:19: &{layout.html 0xc000276b40 0xc000264230  }
2022/03/20 10:27:24 main.go:11: Server start!!!
2022/03/20 10:27:26 base.go:19: &{layout.html 0xc000128ea0 0xc00007c370  }
2022/03/20 10:27:26 base.go:19: &{layout.html 0xc0001a4900 0xc0001b4050  }
2022/03/20 10:27:26 base.go:19: &{layout.html 0xc0000c4120 0xc0000c2000  }
2022/03/20 10:27:26 base.go:19: &{layout.html 0xc0001a5320 0xc0001b40f0  }
2022/03/20 10:27:26 base.go:19: &{layout.html 0xc0000c4b40 0xc0000c20a0  }
2022/03/20 10:27:26 base.go:19: &{layout.html 0xc000129440 0xc00007c3c0  }
2022/03/20 10:27:29 base.go:19: &{layout.html 0xc000230360 0xc00022e000  }
2022/03/20 10:27:29 base.go:19: &{layout.html 0xc0000c5680 0xc0000c2140  }
2022/03/20 10:27:29 base.go:19: &{layout.html 0xc000230ea0 0xc00022e0a0  }
2022/03/20 10:27:29 base.go:19: &{layout.html 0xc00017c000 0xc00007c460  }
2022/03/20 10:27:29 base.go:19: &{layout.html 0xc0000d2360 0xc0000c21e0  }
2022/03/20 10:27:29 base.go:19: &{layout.html 0xc00017ca20 0xc00007c500  }
2022/03/20 10:27:30 base.go:19: &{layout.html 0xc00017d560 0xc00007c5f0  }
2022/03/20 10:27:30 base.go:19: &{layout.html 0xc000288120 0xc00007c690  }
2022/03/20 10:27:30 base.go:19: &{layout.html 0xc000288480 0xc00007c6e0  }
2022/03/20 10:27:30 base.go:19: &{layout.html 0xc000318900 0xc00032a0a0  }
2022/03/20 10:27:30 base.go:19: &{layout.html 0xc0001a5d40 0xc0001b4190  }
2022/03/20 10:27:30 base.go:19: &{layout.html 0xc0000d2d80 0xc0000c2280  }
2022/03/20 11:59:32 base.go:56: db complete
2022/03/20 11:59:32 main.go:11: Server start!!!
2022/03/20 17:02:29 main.go:11: Server start!!!
2022/03/20 17:05:55 main.go:11: Server start!!!
2022/03/20 17:27:41 base.go:19: &{layout.html 0xc000120ea0 0xc0000763c0  }
2022/03/20 17:27:41 base.go:19: &{layout.html 0xc000090900 0xc0000c6050  }
2022/03/20 17:27:41 base.go:19: &{layout.html 0xc000091440 0xc0000c60f0  }
2022/03/20 17:27:41 base.go:19: &{layout.html 0xc0000e2000 0xc0000c6190  }
2022/03/20 17:27:41 base.go:19: &{layout.html 0xc0001210e0 0xc000076410  }
2022/03/20 17:27:41 base.go:19: &{layout.html 0xc000121e60 0xc0000764b0  }
2022/03/20 17:27:43 base.go:19: &{layout.html 0xc00017e240 0xc000076500  }
2022/03/20 17:27:43 base.go:19: &{layout.html 0xc0000e3320 0xc0000c6280  }
2022/03/20 17:27:43 base.go:19: &{layout.html 0xc0002ac360 0xc0002aa000  }
2022/03/20 17:27:43 base.go:19: &{layout.html 0xc0002acfc0 0xc0002aa0a0  }
2022/03/20 17:27:43 base.go:19: &{layout.html 0xc0001aa120 0xc0001a8000  }
2022/03/20 17:27:43 base.go:19: &{layout.html 0xc000332120 0xc000330000  }
2022/03/20 17:27:44 base.go:19: &{layout.html 0xc000332b40 0xc0003300f0  }
2022/03/20 17:27:44 base.go:19: &{layout.html 0xc0003337a0 0xc000330190  }
2022/03/20 17:27:44 base.go:19: &{layout.html 0xc00017f560 0xc0000765f0  }
2022/03/20 17:27:44 base.go:19: &{layout.html 0xc000333b00 0xc0003301e0  }
2022/03/20 17:27:44 base.go:19: &{layout.html 0xc000218120 0xc000076690  }
2022/03/20 17:27:44 base.go:19: &{layout.html 0xc0000e3680 0xc0000c62d0  }
2022/03/20 17:27:54 base.go:19: &{layout.html 0xc0000ee480 0xc0000c63c0  }
2022/03/20 17:27:54 base.go:19: &{layout.html 0xc0000eefc0 0xc0000c6460  }
2022/03/20 17:27:54 base.go:19: &{layout.html 0xc00034c6c0 0xc000330280  }
2022/03/20 17:27:54 base.go:19: &{layout.html 0xc000218c60 0xc000076730  }
2022/03/20 17:27:54 base.go:19: &{layout.html 0xc0000ef9e0 0xc0000c6500  }
2022/03/20 17:27:55 base.go:19: &{layout.html 0xc0000f6480 0xc0000c65a0  }
2022/03/20 17:27:55 base.go:19: &{layout.html 0xc0000f6fc0 0xc0000c6690  }
2022/03/20 17:27:55 base.go:19: &{layout.html 0xc0000f7440 0xc0000c66e0  }
2022/03/20 17:27:55 base.go:19: &{layout.html 0xc0002ce480 0xc0002aa1e0  }
2022/03/20 17:27:55 base.go:19: &{layout.html 0xc0001ab320 0xc0001a80a0  }
2022/03/20 17:27:55 base.go:19: &{layout.html 0xc0002ce900 0xc0002aa230  }
2022/03/20 17:27:55 base.go:19: &{layout.html 0xc00038a120 0xc0000c6780  }
2022/03/20 17:27:55 base.go:19: &{layout.html 0xc0001be000 0xc0001a81e0  }
2022/03/20 17:27:55 base.go:19: &{layout.html 0xc0001bec60 0xc0001a8280  }
2022/03/20 17:27:55 base.go:19: &{layout.html 0xc00038ad80 0xc0000c6820  }
2022/03/20 17:27:55 base.go:19: &{layout.html 0xc0001bf680 0xc0001a8320  }
2022/03/20 17:27:55 base.go:19: &{layout.html 0xc000428120 0xc000426000  }
2022/03/20 17:27:55 base.go:19: &{layout.html 0xc00038b8c0 0xc0000c6910  }
2022/03/20 17:27:55 base.go:19: &{layout.html 0xc00038e5a0 0xc0000c6a00  }
2022/03/20 17:27:55 base.go:19: &{layout.html 0xc000226000 0xc000076820  }
2022/03/20 17:27:55 base.go:19: &{layout.html 0xc000429200 0xc0004260f0  }
2022/03/20 17:27:55 base.go:19: &{layout.html 0xc00038efc0 0xc0000c6a50  }
2022/03/20 17:27:55 base.go:19: &{layout.html 0xc0001c8240 0xc0001a8370  }
2022/03/20 17:27:56 base.go:19: &{layout.html 0xc00038fc20 0xc0000c6af0  }
2022/03/20 17:27:56 base.go:19: &{layout.html 0xc00034d320 0xc000330370  }
2022/03/20 17:27:56 base.go:19: &{layout.html 0xc000442480 0xc000426190  }
2022/03/20 17:27:56 base.go:19: &{layout.html 0xc000226a20 0xc000076960  }
2022/03/20 17:27:56 base.go:19: &{layout.html 0xc0003a8000 0xc0000c6b40  }
2022/03/20 17:27:56 base.go:19: &{layout.html 0xc0004430e0 0xc000426230  }
2022/03/20 17:27:56 base.go:19: &{layout.html 0xc000443c20 0xc0004262d0  }
2022/03/20 17:27:56 base.go:19: &{layout.html 0xc00044c7e0 0xc0004263c0  }
2022/03/20 17:27:56 base.go:19: &{layout.html 0xc00044d440 0xc000426460  }
2022/03/20 17:27:56 base.go:19: &{layout.html 0xc000227560 0xc000076a00  }
2022/03/20 17:27:56 base.go:19: &{layout.html 0xc000230240 0xc000076aa0  }
2022/03/20 17:27:56 base.go:19: &{layout.html 0xc00044de60 0xc000426500  }
2022/03/20 17:27:56 base.go:19: &{layout.html 0xc000452a20 0xc0004265a0  }
2022/03/20 17:27:56 base.go:19: &{layout.html 0xc000453560 0xc000426690  }
2022/03/20 17:27:56 base.go:19: &{layout.html 0xc00034dd40 0xc000330410  }
2022/03/20 17:27:56 base.go:19: &{layout.html 0xc0001c8c60 0xc0001a83c0  }
2022/03/20 17:27:56 base.go:19: &{layout.html 0xc0001c97a0 0xc0001a8460  }
2022/03/20 17:27:56 base.go:19: &{layout.html 0xc000358900 0xc0003304b0  }
2022/03/20 17:27:56 base.go:19: &{layout.html 0xc0001d4480 0xc0001a8500  }
2022/03/20 17:27:56 base.go:19: &{layout.html 0xc0001d50e0 0xc0001a85a0  }
2022/03/20 17:27:56 base.go:19: &{layout.html 0xc0001d5440 0xc0001a85f0  }
2022/03/20 17:27:56 base.go:19: &{layout.html 0xc000231680 0xc000076b90  }
2022/03/20 17:27:56 base.go:19: &{layout.html 0xc0001d57a0 0xc0001a8640  }
2022/03/20 17:27:56 base.go:19: &{layout.html 0xc0001d5b00 0xc0001a8690  }
2022/03/20 17:27:57 base.go:19: &{layout.html 0xc0001e6900 0xc0001a8730  }
2022/03/20 17:27:57 base.go:19: &{layout.html 0xc000461200 0xc000426870  }
2022/03/20 17:27:57 base.go:19: &{layout.html 0xc000461c20 0xc000426910  }
2022/03/20 17:27:57 base.go:19: &{layout.html 0xc0001e7440 0xc0001a87d0  }
2022/03/20 17:27:57 base.go:19: &{layout.html 0xc000242a20 0xc000076c30  }
2022/03/20 17:27:57 base.go:19: &{layout.html 0xc0001e7e60 0xc0001a8870  }
2022/03/20 17:27:57 base.go:19: &{layout.html 0xc0001f2900 0xc0001a8910  }
2022/03/20 17:27:57 base.go:19: &{layout.html 0xc0001f37a0 0xc0001a8a00  }
2022/03/20 17:27:57 base.go:19: &{layout.html 0xc000484480 0xc0001a8a50  }
2022/03/20 17:27:57 base.go:19: &{layout.html 0xc000243440 0xc000076d20  }
2022/03/20 17:27:57 base.go:19: &{layout.html 0xc000484ea0 0xc0001a8af0  }
2022/03/20 17:27:57 base.go:19: &{layout.html 0xc00024c000 0xc000076dc0  }
2022/03/20 17:27:57 base.go:19: &{layout.html 0xc00024ca20 0xc000076e60  }
2022/03/20 17:28:39 main.go:11: Server start!!!
2022/03/20 17:28:40 base.go:19: &{layout.html 0xc0000d6d80 0xc0000963c0  }
2022/03/20 17:28:40 base.go:19: &{layout.html 0xc000224900 0xc000238050  }
2022/03/20 17:28:40 base.go:19: &{layout.html 0xc0000d7200 0xc000096410  }
2022/03/20 17:28:40 base.go:19: &{layout.html 0xc000225320 0xc0002380f0  }
2022/03/20 17:28:40 base.go:19: &{layout.html 0xc0001b8240 0xc0001b6000  }
2022/03/20 17:28:40 base.go:19: &{layout.html 0xc0001b8d80 0xc0001b60a0  }
2022/03/20 17:28:51 base.go:19: &{layout.html 0xc000308240 0xc00032e000  }
2022/03/20 17:28:51 base.go:19: &{layout.html 0xc0003085a0 0xc00032e050  }
2022/03/20 17:28:51 base.go:19: &{layout.html 0xc0001b9c20 0xc0001b6140  }
2022/03/20 17:28:51 base.go:19: &{layout.html 0xc0002da7e0 0xc0002c2870  }
2022/03/20 17:28:51 base.go:19: &{layout.html 0xc0003090e0 0xc00032e0f0  }
2022/03/20 17:28:51 base.go:19: &{layout.html 0xc000225d40 0xc000238190  }
2022/03/20 17:29:00 base.go:19: &{layout.html 0xc00027e000 0xc00027c230  }
2022/03/20 17:29:02 base.go:19: &{layout.html 0xc0002e97a0 0xc0002f5220  }
2022/03/20 17:29:08 base.go:19: &{layout.html 0xc00027f560 0xc00027d9f0  }
2022/03/20 17:29:09 base.go:19: &{layout.html 0xc000400240 0xc0002f52c0  }
2022/03/20 17:29:39 base.go:19: &{layout.html 0xc0003a4000 0xc00027da90  }
2022/03/20 17:29:39 base.go:19: &{layout.html 0xc000351200 0xc00032ff90  }
2022/03/20 17:29:39 base.go:19: &{layout.html 0xc0003a4d80 0xc00027db30  }
2022/03/20 17:29:39 base.go:19: &{layout.html 0xc0003a58c0 0xc00027dbd0  }
2022/03/20 17:29:39 base.go:19: &{layout.html 0xc000351e60 0xc000362050  }
2022/03/20 17:29:39 base.go:19: &{layout.html 0xc0003ac6c0 0xc00027dc70  }
2022/03/20 17:29:43 base.go:19: &{layout.html 0xc000400d80 0xc0002f5360  }
2022/03/20 17:29:43 base.go:19: &{layout.html 0xc000364d80 0xc0003620f0  }
2022/03/20 17:29:43 base.go:19: &{layout.html 0xc0004019e0 0xc0002f5400  }
2022/03/20 17:29:43 base.go:19: &{layout.html 0xc0003ad200 0xc00027dd10  }
2022/03/20 17:29:43 base.go:19: &{layout.html 0xc00040e6c0 0xc0002f5450  }
2022/03/20 17:29:44 base.go:19: &{layout.html 0xc000078240 0xc000486000  }
2022/03/20 17:30:06 base.go:19: &{layout.html 0xc00040f200 0xc0002f5770  }
2022/03/20 17:30:07 base.go:19: &{layout.html 0xc00040f680 0xc0002f5810  }
2022/03/20 17:30:07 base.go:19: &{layout.html 0xc0003c05a0 0xc00027de00  }
2022/03/20 17:30:07 base.go:19: &{layout.html 0xc0003c1200 0xc00027dea0  }
2022/03/20 17:30:07 base.go:19: &{layout.html 0xc000420360 0xc0002f58b0  }
2022/03/20 17:30:07 base.go:19: &{layout.html 0xc0003c1e60 0xc00027df90  }
2022/03/20 17:30:12 base.go:19: &{layout.html 0xc0003c6900 0xc0003ca190  }
2022/03/20 17:30:12 base.go:19: &{layout.html 0xc0003c7560 0xc0003ca230  }
2022/03/20 17:30:12 base.go:19: &{layout.html 0xc0003d8240 0xc0003ca2d0  }
2022/03/20 17:30:12 base.go:19: &{layout.html 0xc0003658c0 0xc0003621e0  }
2022/03/20 17:30:12 base.go:19: &{layout.html 0xc000078ea0 0xc000486050  }
2022/03/20 17:30:12 base.go:19: &{layout.html 0xc0001d4900 0xc0001b61e0  }
2022/03/20 17:30:14 base.go:19: &{layout.html 0xc0001d5440 0xc0001b67d0  }
2022/03/20 17:30:14 base.go:19: &{layout.html 0xc0001ec000 0xc0001b6870  }
2022/03/20 17:30:14 base.go:19: &{layout.html 0xc0003d8ea0 0xc0003ca370  }
2022/03/20 17:30:14 base.go:19: &{layout.html 0xc000079d40 0xc0004860f0  }
2022/03/20 17:30:14 base.go:19: &{layout.html 0xc0001ecd80 0xc0001b6910  }
2022/03/20 17:30:14 base.go:19: &{layout.html 0xc000498a20 0xc000486190  }
2022/03/20 17:30:16 base.go:19: &{layout.html 0xc0003d9b00 0xc0003ca690  }
2022/03/20 17:30:16 base.go:19: &{layout.html 0xc0003e8000 0xc0003ca6e0  }
2022/03/20 17:30:16 base.go:19: &{layout.html 0xc000499560 0xc000486230  }
2022/03/20 17:30:16 base.go:19: &{layout.html 0xc0001fa360 0xc0001b6a00  }
2022/03/20 17:30:16 base.go:19: &{layout.html 0xc00036e480 0xc000362280  }
2022/03/20 17:30:16 base.go:19: &{layout.html 0xc00036efc0 0xc000362320  }
2022/03/20 17:30:19 base.go:19: &{layout.html 0xc000420ea0 0xc0002f5e50  }
2022/03/20 17:30:19 base.go:19: &{layout.html 0xc00036fd40 0xc0003623c0  }
2022/03/20 17:30:19 base.go:19: &{layout.html 0xc000421b00 0xc0002f5ef0  }
2022/03/20 17:30:19 base.go:19: &{layout.html 0xc000434900 0xc0002f5f90  }
2022/03/20 17:30:19 base.go:19: &{layout.html 0xc0004357a0 0xc00043a050  }
2022/03/20 17:30:19 base.go:19: &{layout.html 0xc0001faea0 0xc0001b6a50  }
2022/03/20 17:30:25 base.go:19: &{layout.html 0xc0001fb8c0 0xc0001b7090  }
2022/03/20 17:30:25 base.go:19: &{layout.html 0xc000378900 0xc000362460  }
2022/03/20 17:30:25 base.go:19: &{layout.html 0xc00050c7e0 0xc0001b7130  }
2022/03/20 17:30:25 base.go:19: &{layout.html 0xc000379560 0xc000362500  }
2022/03/20 17:30:25 base.go:19: &{layout.html 0xc00050d440 0xc0001b71d0  }
2022/03/20 17:30:25 base.go:19: &{layout.html 0xc000586120 0xc0003625a0  }
2022/03/20 17:30:26 base.go:19: &{layout.html 0xc000440360 0xc00043a230  }
2022/03/20 17:30:26 base.go:19: &{layout.html 0xc000586c60 0xc000362640  }
2022/03/20 17:30:26 base.go:19: &{layout.html 0xc000441200 0xc00043a2d0  }
2022/03/20 17:30:26 base.go:19: &{layout.html 0xc00049e480 0xc000486320  }
2022/03/20 17:30:26 base.go:19: &{layout.html 0xc0005878c0 0xc0003626e0  }
2022/03/20 17:30:26 base.go:19: &{layout.html 0xc00044e240 0xc00043a370  }
2022/03/20 17:30:28 base.go:19: &{layout.html 0xc000518120 0xc0001b74f0  }
2022/03/20 17:30:28 base.go:19: &{layout.html 0xc000518c60 0xc0001b7540  }
2022/03/20 17:30:28 base.go:19: &{layout.html 0xc00044eea0 0xc00043a410  }
2022/03/20 17:30:28 base.go:19: &{layout.html 0xc00049efc0 0xc0004866e0  }
2022/03/20 17:30:28 base.go:19: &{layout.html 0xc000519b00 0xc0001b75e0  }
2022/03/20 17:30:28 base.go:19: &{layout.html 0xc00049fc20 0xc000486780  }
2022/03/20 17:30:30 base.go:19: &{layout.html 0xc0004b06c0 0xc000486910  }
2022/03/20 17:30:30 base.go:19: &{layout.html 0xc0004b1320 0xc0004869b0  }
2022/03/20 17:30:30 base.go:19: &{layout.html 0xc0005965a0 0xc000362780  }
2022/03/20 17:30:30 base.go:19: &{layout.html 0xc0004c8120 0xc000486a50  }
2022/03/20 17:30:30 base.go:19: &{layout.html 0xc0004c8ea0 0xc000486af0  }
2022/03/20 17:30:30 base.go:19: &{layout.html 0xc0005970e0 0xc000362820  }
2022/03/20 17:30:32 base.go:19: &{layout.html 0xc0000d6480 0xc0001b6280  }
2022/03/20 17:30:33 base.go:19: &{layout.html 0xc0000d70e0 0xc0001b6320  }
2022/03/20 17:30:33 base.go:19: &{layout.html 0xc0004d47e0 0xc000362000  }
2022/03/20 17:30:33 base.go:19: &{layout.html 0xc0004d5320 0xc000362050  }
2022/03/20 17:30:33 base.go:19: &{layout.html 0xc0000d7d40 0xc0001b6410  }
2022/03/20 17:30:33 base.go:19: &{layout.html 0xc0004e8000 0xc0003620f0  }
2022/03/20 17:30:35 base.go:19: &{layout.html 0xc0004e8360 0xc0003626e0  }
2022/03/20 17:30:35 base.go:19: &{layout.html 0xc0003fcb40 0xc000238050  }
2022/03/20 17:30:35 base.go:19: &{layout.html 0xc0004e9200 0xc000362780  }
2022/03/20 17:30:35 base.go:19: &{layout.html 0xc0004e9e60 0xc0003627d0  }
2022/03/20 17:30:35 base.go:19: &{layout.html 0xc00046a120 0xc0000961e0  }
2022/03/20 17:30:35 base.go:19: &{layout.html 0xc0004f8a20 0xc000362870  }
2022/03/20 17:30:36 base.go:19: &{layout.html 0xc00052a240 0xc0002c2550  }
2022/03/20 17:30:36 base.go:19: &{layout.html 0xc000144b40 0xc0001b6500  }
2022/03/20 17:30:36 base.go:19: &{layout.html 0xc00052aea0 0xc0002c25a0  }
2022/03/20 17:30:36 base.go:19: &{layout.html 0xc000145680 0xc0001b65a0  }
2022/03/20 17:30:36 base.go:19: &{layout.html 0xc00052bb00 0xc0002c2640  }
2022/03/20 17:30:36 base.go:19: &{layout.html 0xc0004f97a0 0xc000362960  }
2022/03/20 17:30:37 base.go:19: &{layout.html 0xc00014c360 0xc0001b6730  }
2022/03/20 17:30:37 base.go:19: &{layout.html 0xc00010cd80 0xc000362a50  }
2022/03/20 17:30:37 base.go:19: &{layout.html 0xc00014c7e0 0xc0001b6780  }
2022/03/20 17:30:37 base.go:19: &{layout.html 0xc00014d440 0xc0001b6820  }
2022/03/20 17:30:37 base.go:19: &{layout.html 0xc00010d8c0 0xc000362af0  }
2022/03/20 17:30:37 base.go:19: &{layout.html 0xc000134480 0xc000362b40  }
2022/03/20 17:31:53 base.go:19: &{layout.html 0xc00055c6c0 0xc0002c2730  }
2022/03/20 17:31:53 base.go:19: &{layout.html 0xc00055d320 0xc0002c2820  }
2022/03/20 17:31:53 base.go:19: &{layout.html 0xc00055de60 0xc0002c28c0  }
2022/03/20 17:31:53 base.go:19: &{layout.html 0xc0001350e0 0xc000362be0  }
2022/03/20 17:31:53 base.go:19: &{layout.html 0xc0003fd8c0 0xc000238140  }
2022/03/20 17:31:53 base.go:19: &{layout.html 0xc000564a20 0xc0002c2960  }
2022/03/20 17:31:57 base.go:19: &{layout.html 0xc00019c000 0xc000362e10  }
2022/03/20 17:31:57 base.go:19: &{layout.html 0xc000565560 0xc0002c2a50  }
2022/03/20 17:31:57 base.go:19: &{layout.html 0xc00019cc60 0xc000362e60  }
2022/03/20 17:31:57 base.go:19: &{layout.html 0xc000204480 0xc0002381e0  }
2022/03/20 17:31:57 base.go:19: &{layout.html 0xc0005b0240 0xc00032e000  }
2022/03/20 17:31:57 base.go:19: &{layout.html 0xc00056a5a0 0xc0002c2af0  }
2022/03/20 17:32:00 base.go:19: &{layout.html 0xc00056b200 0xc0002c2b90  }
2022/03/20 17:32:00 base.go:19: &{layout.html 0xc00056be60 0xc0002c2c30  }
2022/03/20 17:32:00 base.go:19: &{layout.html 0xc00057aa20 0xc0002c2cd0  }
2022/03/20 17:32:00 base.go:19: &{layout.html 0xc000204fc0 0xc000238230  }
2022/03/20 17:32:00 base.go:19: &{layout.html 0xc000205b00 0xc0002382d0  }
2022/03/20 17:32:00 base.go:19: &{layout.html 0xc00019d9e0 0xc000362f50  }
2022/03/20 17:32:01 base.go:19: &{layout.html 0xc0001a6480 0xc0003630e0  }
2022/03/20 17:32:01 base.go:19: &{layout.html 0xc00020e7e0 0xc000238410  }
2022/03/20 17:32:01 base.go:19: &{layout.html 0xc0001a7200 0xc000363180  }
2022/03/20 17:32:01 base.go:19: &{layout.html 0xc00057b560 0xc0002c2d70  }
2022/03/20 17:32:01 base.go:19: &{layout.html 0xc0001a7e60 0xc0003631d0  }
2022/03/20 17:32:01 base.go:19: &{layout.html 0xc0001bca20 0xc000363220  }
2022/03/20 17:32:05 base.go:19: &{layout.html 0xc0001bd680 0xc000363540  }
2022/03/20 17:32:05 base.go:19: &{layout.html 0xc0001da5a0 0xc0003635e0  }
2022/03/20 17:32:05 base.go:19: &{layout.html 0xc00020f680 0xc000238550  }
2022/03/20 17:32:05 base.go:19: &{layout.html 0xc000290120 0xc0002c2e10  }
2022/03/20 17:32:05 base.go:19: &{layout.html 0xc000154120 0xc0001b6910  }
2022/03/20 17:32:05 base.go:19: &{layout.html 0xc000224240 0xc0002385f0  }
2022/03/20 17:32:09 base.go:19: &{layout.html 0xc000224fc0 0xc000238910  }
2022/03/20 17:32:09 base.go:19: &{layout.html 0xc000225680 0xc000238960  }
2022/03/20 17:32:09 base.go:19: &{layout.html 0xc0001db8c0 0xc0003636d0  }
2022/03/20 17:32:09 base.go:19: &{layout.html 0xc0001e4480 0xc000363770  }
2022/03/20 17:32:09 base.go:19: &{layout.html 0xc000154d80 0xc0001b69b0  }
2022/03/20 17:32:09 base.go:19: &{layout.html 0xc000155b00 0xc0001b6a50  }
2022/03/20 17:32:11 base.go:19: &{layout.html 0xc000290c60 0xc0002c2fa0  }
2022/03/20 17:32:11 base.go:19: &{layout.html 0xc0002918c0 0xc0002c3040  }
2022/03/20 17:32:11 base.go:19: &{layout.html 0xc000168900 0xc0001b6af0  }
2022/03/20 17:32:11 base.go:19: &{layout.html 0xc000240240 0xc000238a00  }
2022/03/20 17:32:11 base.go:19: &{layout.html 0xc0001e4fc0 0xc000363810  }
2022/03/20 17:32:11 base.go:19: &{layout.html 0xc000240fc0 0xc000238aa0  }
2022/03/20 17:32:13 base.go:19: &{layout.html 0xc000241d40 0xc000239090  }
2022/03/20 17:32:13 base.go:19: &{layout.html 0xc000264b40 0xc000239130  }
2022/03/20 17:32:13 base.go:19: &{layout.html 0xc0002657a0 0xc0002391d0  }
2022/03/20 17:32:13 base.go:19: &{layout.html 0xc00027a480 0xc000239270  }
2022/03/20 17:32:13 base.go:19: &{layout.html 0xc00027afc0 0xc000239310  }
2022/03/20 17:32:13 base.go:19: &{layout.html 0xc00027bd40 0xc0002393b0  }
2022/03/20 17:32:15 base.go:19: &{layout.html 0xc000304900 0xc000239590  }
2022/03/20 17:32:15 base.go:19: &{layout.html 0xc0003057a0 0xc000239630  }
2022/03/20 17:32:15 base.go:19: &{layout.html 0xc000330360 0xc0002396d0  }
2022/03/20 17:32:15 base.go:19: &{layout.html 0xc00046ad80 0xc000096280  }
2022/03/20 17:32:15 base.go:19: &{layout.html 0xc0005b10e0 0xc00032e0f0  }
2022/03/20 17:32:15 base.go:19: &{layout.html 0xc0002a4480 0xc0002c30e0  }
2022/03/20 17:32:17 base.go:19: &{layout.html 0xc0002a4fc0 0xc0002c3400  }
2022/03/20 17:32:17 base.go:19: &{layout.html 0xc0002a5c20 0xc0002c34a0  }
2022/03/20 17:32:17 base.go:19: &{layout.html 0xc0002c6900 0xc0002c3540  }
2022/03/20 17:32:17 base.go:19: &{layout.html 0xc00046bb00 0xc0000963c0  }
2022/03/20 17:32:17 base.go:19: &{layout.html 0xc0002c7560 0xc0002c35e0  }
2022/03/20 17:32:17 base.go:19: &{layout.html 0xc0002de120 0xc0002c3680  }
2022/03/20 17:32:19 base.go:19: &{layout.html 0xc000169560 0xc0001b6e60  }
2022/03/20 17:32:19 base.go:19: &{layout.html 0xc000386900 0xc000096460  }
2022/03/20 17:32:19 base.go:19: &{layout.html 0xc000387560 0xc000096500  }
2022/03/20 17:32:19 base.go:19: &{layout.html 0xc000170360 0xc0001b6f00  }
2022/03/20 17:32:19 base.go:19: &{layout.html 0xc0003310e0 0xc000239a40  }
2022/03/20 17:32:19 base.go:19: &{layout.html 0xc000342240 0xc000239a90  }
2022/03/20 17:32:19 base.go:19: &{layout.html 0xc000342c60 0xc000239db0  }
2022/03/20 17:32:19 base.go:19: &{layout.html 0xc0003438c0 0xc000239e50  }
2022/03/20 17:32:19 base.go:19: &{layout.html 0xc0005b1d40 0xc00032e190  }
2022/03/20 17:32:19 base.go:19: &{layout.html 0xc000170ea0 0xc0001b6f50  }
2022/03/20 17:32:19 base.go:19: &{layout.html 0xc000364480 0xc000239ef0  }
2022/03/20 17:32:19 base.go:19: &{layout.html 0xc0005d8a20 0xc00032e280  }
2022/03/20 17:32:19 base.go:19: &{layout.html 0xc0002deea0 0xc0002c39a0  }
2022/03/20 17:32:19 base.go:19: &{layout.html 0xc0005d8fc0 0xc00032e320  }
2022/03/20 17:32:19 base.go:19: &{layout.html 0xc0005d9c20 0xc00032e3c0  }
2022/03/20 17:32:19 base.go:19: &{layout.html 0xc0003658c0 0xc000368000  }
2022/03/20 17:32:19 base.go:19: &{layout.html 0xc0002dfd40 0xc0002c3a40  }
2022/03/20 17:32:19 base.go:19: &{layout.html 0xc0002e8a20 0xc0002c3ae0  }
2022/03/20 17:32:19 base.go:19: &{layout.html 0xc0005e06c0 0xc00032e6e0  }
2022/03/20 17:32:20 base.go:19: &{layout.html 0xc0005e1200 0xc00032e780  }
2022/03/20 17:32:20 base.go:19: &{layout.html 0xc0002e9560 0xc0002c3b80  }
2022/03/20 17:32:20 base.go:19: &{layout.html 0xc0005e1d40 0xc00032e820  }
2022/03/20 17:32:20 base.go:19: &{layout.html 0xc0005f6900 0xc00032e8c0  }
2022/03/20 17:32:20 base.go:19: &{layout.html 0xc0002fa120 0xc0002c3c20  }
2022/03/20 17:32:23 base.go:19: &{layout.html 0xc00036e6c0 0xc000368190  }
2022/03/20 17:32:23 base.go:19: &{layout.html 0xc0005f7c20 0xc00032e9b0  }
2022/03/20 17:32:23 base.go:19: &{layout.html 0xc000488c60 0xc00032ea50  }
2022/03/20 17:32:23 base.go:19: &{layout.html 0xc0002fac60 0xc0002c3d10  }
2022/03/20 17:32:23 base.go:19: &{layout.html 0xc00036eb40 0xc0003681e0  }
2022/03/20 17:32:23 base.go:19: &{layout.html 0xc00036f680 0xc000368280  }
2022/03/20 17:32:28 base.go:19: &{layout.html 0xc0002fb680 0xc00040e050  }
2022/03/20 17:32:28 base.go:19: &{layout.html 0xc00041a480 0xc00040e0f0  }
2022/03/20 17:32:28 base.go:19: &{layout.html 0xc0001e5b00 0xc0003638b0  }
2022/03/20 17:32:28 base.go:19: &{layout.html 0xc00038e240 0xc000096640  }
2022/03/20 17:32:28 base.go:19: &{layout.html 0xc0004898c0 0xc00032eaf0  }
2022/03/20 17:32:28 base.go:19: &{layout.html 0xc0001fe360 0xc00040e000  }
2022/03/20 17:32:31 base.go:19: &{layout.html 0xc0001fe7e0 0xc00040e320  }
2022/03/20 17:32:31 base.go:19: &{layout.html 0xc0001ff560 0xc00040e3c0  }
2022/03/20 17:32:31 base.go:19: &{layout.html 0xc00041ac60 0xc0001b6000  }
2022/03/20 17:32:31 base.go:19: &{layout.html 0xc00037eb40 0xc00040e460  }
2022/03/20 17:32:31 base.go:19: &{layout.html 0xc00037f680 0xc00040e500  }
2022/03/20 17:32:31 base.go:19: &{layout.html 0xc00038efc0 0xc0003620a0  }
2022/03/20 22:30:41 main.go:11: Server start!!!
2022/03/20 22:30:44 base.go:19: &{layout.html 0xc0000cefc0 0xc0000b4550  }
2022/03/20 22:30:44 base.go:19: &{layout.html 0xc0000cf440 0xc0000b45a0  }
2022/03/20 22:30:44 base.go:19: &{layout.html 0xc000284240 0xc0002ac000  }
2022/03/20 22:30:44 base.go:19: &{layout.html 0xc000206360 0xc000074050  }
2022/03/20 22:30:44 base.go:19: &{layout.html 0xc00013a000 0xc0000b4640  }
2022/03/20 22:30:44 base.go:19: &{layout.html 0xc000304240 0xc000332000  }
2022/03/20 22:30:47 base.go:19: &{layout.html 0xc000206ea0 0xc000074190  }
2022/03/20 22:30:47 base.go:19: &{layout.html 0xc000304d80 0xc0003320a0  }
2022/03/20 22:30:47 base.go:19: &{layout.html 0xc000207b00 0xc000074230  }
2022/03/20 22:30:47 base.go:19: &{layout.html 0xc000305c20 0xc000332140  }
2022/03/20 22:30:47 base.go:19: &{layout.html 0xc0002246c0 0xc0000742d0  }
2022/03/20 22:30:47 base.go:19: &{layout.html 0xc000348900 0xc0003321e0  }
2022/03/20 22:30:55 user.go:55: sql: no rows in result set
2022/03/20 22:30:55 server.go:3159: http: superfluous response.WriteHeader call from github.com/axpensive/golang-todo-app-clean-architecture/app/adapter/controller.Authenticate (user.go:73)
2022/03/20 22:30:55 base.go:19: &{layout.html 0xc0003497a0 0xc000332370  }
2022/03/20 22:30:55 base.go:19: &{layout.html 0xc00013ac60 0xc0000b4730  }
2022/03/20 22:30:55 base.go:19: &{layout.html 0xc000225440 0xc000074370  }
2022/03/20 22:30:55 base.go:19: &{layout.html 0xc000230000 0xc000074410  }
2022/03/20 22:30:55 base.go:19: &{layout.html 0xc00013b7a0 0xc0000b47d0  }
2022/03/20 22:30:56 base.go:19: &{layout.html 0xc00014e360 0xc0000b4820  }
2022/03/20 22:30:59 user.go:55: sql: no rows in result set
2022/03/20 22:30:59 server.go:3159: http: superfluous response.WriteHeader call from github.com/axpensive/golang-todo-app-clean-architecture/app/adapter/controller.Authenticate (user.go:73)
2022/03/20 22:30:59 base.go:19: &{layout.html 0xc000230b40 0xc000074640  }
2022/03/20 22:30:59 base.go:19: &{layout.html 0xc00014eea0 0xc0000b48c0  }
2022/03/20 22:30:59 base.go:19: &{layout.html 0xc0003605a0 0xc000332410  }
2022/03/20 22:30:59 base.go:19: &{layout.html 0xc0002318c0 0xc0000746e0  }
2022/03/20 22:30:59 base.go:19: &{layout.html 0xc00023c5a0 0xc000074730  }
2022/03/20 22:30:59 base.go:19: &{layout.html 0xc00023d0e0 0xc0000747d0  }
2022/03/20 22:31:04 user.go:55: sql: no rows in result set
2022/03/20 22:31:04 server.go:3159: http: superfluous response.WriteHeader call from github.com/axpensive/golang-todo-app-clean-architecture/app/adapter/controller.Authenticate (user.go:73)
2022/03/20 22:31:04 base.go:19: &{layout.html 0xc000198a20 0xc0001b4140  }
2022/03/20 22:31:04 base.go:19: &{layout.html 0xc0001997a0 0xc0001b41e0  }
2022/03/20 22:31:04 base.go:19: &{layout.html 0xc00023dd40 0xc0000748c0  }
2022/03/20 22:31:04 base.go:19: &{layout.html 0xc0001d86c0 0xc0001b4280  }
2022/03/20 22:31:04 base.go:19: &{layout.html 0xc000284d80 0xc0002ac0f0  }
2022/03/20 22:31:04 base.go:19: &{layout.html 0xc0002858c0 0xc0002ac140  }
2022/03/20 22:31:09 user.go:55: sql: no rows in result set
2022/03/20 22:31:09 server.go:3159: http: superfluous response.WriteHeader call from github.com/axpensive/golang-todo-app-clean-architecture/app/adapter/controller.Authenticate (user.go:73)
2022/03/20 22:31:09 base.go:19: &{layout.html 0xc0001d90e0 0xc0001b43c0  }
2022/03/20 22:31:09 base.go:19: &{layout.html 0xc00014fd40 0xc0000b4a00  }
2022/03/20 22:31:09 base.go:19: &{layout.html 0xc00015c900 0xc0000b4aa0  }
2022/03/20 22:31:09 base.go:19: &{layout.html 0xc00015d680 0xc0000b4b40  }
2022/03/20 22:31:09 base.go:19: &{layout.html 0xc0001685a0 0xc0000b4be0  }
2022/03/20 22:31:09 base.go:19: &{layout.html 0xc0003610e0 0xc000332500  }
2022/03/20 22:31:13 user.go:55: sql: no rows in result set
2022/03/20 22:31:13 server.go:3159: http: superfluous response.WriteHeader call from github.com/axpensive/golang-todo-app-clean-architecture/app/adapter/controller.Authenticate (user.go:73)
2022/03/20 22:31:13 base.go:19: &{layout.html 0xc000361c20 0xc000332690  }
2022/03/20 22:31:13 base.go:19: &{layout.html 0xc000169440 0xc0000b4c80  }
2022/03/20 22:31:13 base.go:19: &{layout.html 0xc00036a900 0xc000332730  }
2022/03/20 22:31:13 base.go:19: &{layout.html 0xc0002c25a0 0xc0002ac1e0  }
2022/03/20 22:31:13 base.go:19: &{layout.html 0xc00036b440 0xc0003327d0  }
2022/03/20 22:31:13 base.go:19: &{layout.html 0xc0002c3200 0xc0002ac280  }
2022/03/20 22:31:19 user.go:55: sql: no rows in result set
2022/03/20 22:31:19 server.go:3159: http: superfluous response.WriteHeader call from github.com/axpensive/golang-todo-app-clean-architecture/app/adapter/controller.Authenticate (user.go:73)
2022/03/20 22:31:19 base.go:19: &{layout.html 0xc00037a000 0xc000332960  }
2022/03/20 22:31:19 base.go:19: &{layout.html 0xc00037ac60 0xc000332a00  }
2022/03/20 22:31:19 base.go:19: &{layout.html 0xc0002d4000 0xc0002ac370  }
2022/03/20 22:31:19 base.go:19: &{layout.html 0xc000174120 0xc0000b4d20  }
2022/03/20 22:31:19 base.go:19: &{layout.html 0xc0001e8000 0xc0001b44b0  }
2022/03/20 22:31:19 base.go:19: &{layout.html 0xc0001e8c60 0xc0001b4500  }
2022/03/20 22:31:23 user.go:55: sql: no rows in result set
2022/03/20 22:31:23 server.go:3159: http: superfluous response.WriteHeader call from github.com/axpensive/golang-todo-app-clean-architecture/app/adapter/controller.Authenticate (user.go:73)
2022/03/20 22:31:23 base.go:19: &{layout.html 0xc0002d4a20 0xc0002ac500  }
2022/03/20 22:31:23 base.go:19: &{layout.html 0xc0001e98c0 0xc0001b45a0  }
2022/03/20 22:31:23 base.go:19: &{layout.html 0xc0003ba240 0xc00038c0a0  }
2022/03/20 22:31:23 base.go:19: &{layout.html 0xc0001f2480 0xc0001b4640  }
2022/03/20 22:31:23 base.go:19: &{layout.html 0xc0003baea0 0xc00038c140  }
2022/03/20 22:31:23 base.go:19: &{layout.html 0xc0003bb9e0 0xc00038c1e0  }
2022/03/20 22:31:24 base.go:19: &{layout.html 0xc0003cc5a0 0xc00038c370  }
2022/03/20 22:31:24 base.go:19: &{layout.html 0xc0002d5680 0xc0002ac5a0  }
2022/03/20 22:31:24 base.go:19: &{layout.html 0xc0001f30e0 0xc0001b46e0  }
2022/03/20 22:31:24 base.go:19: &{layout.html 0xc0003cd200 0xc00038c410  }
2022/03/20 22:31:24 base.go:19: &{layout.html 0xc00024eea0 0xc0000749b0  }
2022/03/20 22:31:24 base.go:19: &{layout.html 0xc000174c60 0xc0000b4dc0  }
2022/03/20 22:32:16 base.go:19: &{layout.html 0xc0004ba120 0xc0004b8000  }
2022/03/20 22:32:17 base.go:19: &{layout.html 0xc0004bad80 0xc0004b80a0  }
2022/03/20 22:32:17 base.go:19: &{layout.html 0xc000175c20 0xc0000b5400  }
2022/03/20 22:32:17 base.go:19: &{layout.html 0xc0004087e0 0xc0000b5450  }
2022/03/20 22:32:17 base.go:19: &{layout.html 0xc000409440 0xc0000b54f0  }
2022/03/20 22:32:17 base.go:19: &{layout.html 0xc0004bbb00 0xc0004b8140  }
2022/03/20 22:32:21 base.go:19: &{layout.html 0xc0004cc7e0 0xc0004b82d0  }
2022/03/20 22:32:21 base.go:19: &{layout.html 0xc0004cd320 0xc0004b8370  }
2022/03/20 22:32:21 base.go:19: &{layout.html 0xc000418120 0xc0000b5590  }
2022/03/20 22:32:21 base.go:19: &{layout.html 0xc000418ea0 0xc0000b55e0  }
2022/03/20 22:32:21 base.go:19: &{layout.html 0xc0004dc000 0xc0004b8460  }
2022/03/20 22:32:21 base.go:19: &{layout.html 0xc0001f3e60 0xc0001b4730  }
2022/03/20 22:32:29 base.go:19: &{layout.html 0xc0004dcd80 0xc0004b8500  }
2022/03/20 22:32:29 base.go:19: &{layout.html 0xc0004dd8c0 0xc0004b85a0  }
2022/03/20 22:32:29 base.go:19: &{layout.html 0xc000419b00 0xc0000b5900  }
2022/03/20 22:32:29 base.go:19: &{layout.html 0xc0004e0900 0xc0004b8640  }
2022/03/20 22:32:29 base.go:19: &{layout.html 0xc0004e1560 0xc0004b86e0  }
2022/03/20 22:32:29 base.go:19: &{layout.html 0xc0004ec120 0xc0004b8780  }
2022/03/20 22:32:39 base.go:19: &{layout.html 0xc0001fcc60 0xc0001b47d0  }
2022/03/20 22:32:40 base.go:19: &{layout.html 0xc0001fd7a0 0xc0001b4870  }
2022/03/20 22:32:40 base.go:19: &{layout.html 0xc0003cde60 0xc00038c500  }
2022/03/20 22:32:40 base.go:19: &{layout.html 0xc0004ecd80 0xc0004b87d0  }
2022/03/20 22:32:40 base.go:19: &{layout.html 0xc0004edc20 0xc0004b8870  }
2022/03/20 22:32:40 base.go:19: &{layout.html 0xc00050a360 0xc0001b4910  }
2022/03/20 22:32:42 base.go:19: &{layout.html 0xc00050a7e0 0xc0001b4be0  }
2022/03/20 22:32:42 base.go:19: &{layout.html 0xc0003df200 0xc00038c5f0  }
2022/03/20 22:32:42 base.go:19: &{layout.html 0xc0004f90e0 0xc0004b8960  }
2022/03/20 22:32:42 base.go:19: &{layout.html 0xc0003dfd40 0xc00038c690  }
2022/03/20 22:32:42 base.go:19: &{layout.html 0xc00050ad80 0xc0001b4c30  }
2022/03/20 22:32:42 base.go:19: &{layout.html 0xc00050b9e0 0xc0001b4cd0  }
2022/03/20 22:32:44 base.go:19: &{layout.html 0xc00050bd40 0xc0001b4e60  }
2022/03/20 22:32:44 base.go:19: &{layout.html 0xc0003e9320 0xc00038c780  }
2022/03/20 22:32:44 base.go:19: &{layout.html 0xc000516240 0xc0001b4eb0  }
2022/03/20 22:32:44 base.go:19: &{layout.html 0xc000516d80 0xc0001b4f00  }
2022/03/20 22:32:44 base.go:19: &{layout.html 0xc0004286c0 0xc0000b59a0  }
2022/03/20 22:32:44 base.go:19: &{layout.html 0xc000429320 0xc0000b5a40  }
2022/03/20 22:32:46 base.go:19: &{layout.html 0xc0004298c0 0xc000432000  }
2022/03/20 22:32:46 base.go:19: &{layout.html 0xc0005178c0 0xc0001b4fa0  }
2022/03/20 22:32:46 base.go:19: &{layout.html 0xc000429d40 0xc000432050  }
2022/03/20 22:32:46 base.go:19: &{layout.html 0xc00037b7a0 0xc00038c910  }
2022/03/20 22:32:46 base.go:19: &{layout.html 0xc0002e05a0 0xc0002ac690  }
2022/03/20 22:32:46 base.go:19: &{layout.html 0xc000437200 0xc0002ac000  }
2022/03/20 22:33:58 main.go:11: Server start!!!
2022/03/20 22:33:59 base.go:19: &{layout.html 0xc0000d6d80 0xc0000965f0  }
2022/03/20 22:33:59 base.go:19: &{layout.html 0xc0000d7200 0xc000096690  }
2022/03/20 22:33:59 base.go:19: &{layout.html 0xc0000d7680 0xc0000966e0  }
2022/03/20 22:33:59 base.go:19: &{layout.html 0xc000078240 0xc000288000  }
2022/03/20 22:33:59 base.go:19: &{layout.html 0xc0001b0240 0xc0001c4000  }
2022/03/20 22:33:59 base.go:19: &{layout.html 0xc000136240 0xc000096780  }
2022/03/20 22:34:00 base.go:19: &{layout.html 0xc000136d80 0xc000096aa0  }
2022/03/20 22:34:00 base.go:19: &{layout.html 0xc000078ea0 0xc0002880f0  }
2022/03/20 22:34:00 base.go:19: &{layout.html 0xc000137b00 0xc000096af0  }
2022/03/20 22:34:00 base.go:19: &{layout.html 0xc0000799e0 0xc000288190  }
2022/03/20 22:34:00 base.go:19: &{layout.html 0xc00013e900 0xc000096b90  }
2022/03/20 22:34:00 base.go:19: &{layout.html 0xc00013f560 0xc000096be0  }
2022/03/20 22:34:01 base.go:19: &{layout.html 0xc0003c2120 0xc0003b21e0  }
2022/03/20 22:34:01 base.go:19: &{layout.html 0xc00014a120 0xc000096c80  }
2022/03/20 22:34:01 base.go:19: &{layout.html 0xc0003c2d80 0xc0003b2280  }
2022/03/20 22:34:01 base.go:19: &{layout.html 0xc0001b0ea0 0xc0001c40a0  }
2022/03/20 22:34:01 base.go:19: &{layout.html 0xc000312240 0xc000338000  }
2022/03/20 22:34:01 base.go:19: &{layout.html 0xc000312d80 0xc0003380a0  }
2022/03/20 22:34:13 base.go:19: &{layout.html 0xc00014aea0 0xc000096d70  }
2022/03/20 22:34:13 base.go:19: &{layout.html 0xc0003c38c0 0xc0003b22d0  }
2022/03/20 22:34:13 base.go:19: &{layout.html 0xc000313200 0xc0003380f0  }
2022/03/20 22:34:13 base.go:19: &{layout.html 0xc0003dc6c0 0xc0003b2370  }
2022/03/20 22:34:13 base.go:19: &{layout.html 0xc0002a8c60 0xc0002882d0  }
2022/03/20 22:34:13 base.go:19: &{layout.html 0xc0003dd320 0xc0003b2410  }
2022/03/20 22:34:16 base.go:19: &{layout.html 0xc00014b9e0 0xc000096e10  }
2022/03/20 22:34:16 base.go:19: &{layout.html 0xc0003e67e0 0xc0003b2500  }
2022/03/20 22:34:16 base.go:19: &{layout.html 0xc000158000 0xc000096e60  }
2022/03/20 22:34:16 base.go:19: &{layout.html 0xc0003e7440 0xc0003b25a0  }
2022/03/20 22:34:16 base.go:19: &{layout.html 0xc000313d40 0xc000338190  }
2022/03/20 22:34:16 base.go:19: &{layout.html 0xc00034c900 0xc000338230  }
2022/03/20 22:34:19 base.go:19: &{layout.html 0xc00034d440 0xc0003382d0  }
2022/03/20 22:34:19 base.go:19: &{layout.html 0xc0002a98c0 0xc000288370  }
2022/03/20 22:34:19 base.go:19: &{layout.html 0xc0001b19e0 0xc0001c4140  }
2022/03/20 22:34:19 base.go:19: &{layout.html 0xc0002b2fc0 0xc000288460  }
2022/03/20 22:34:19 base.go:19: &{layout.html 0xc0002b2480 0xc000288410  }
2022/03/20 22:34:19 base.go:19: &{layout.html 0xc000358000 0xc0003383c0  }
2022/03/20 22:34:26 base.go:19: &{layout.html 0xc0003ec120 0xc0003b2640  }
2022/03/20 22:34:26 base.go:19: &{layout.html 0xc000358b40 0xc000338460  }
2022/03/20 22:34:26 base.go:19: &{layout.html 0xc000359680 0xc000338500  }
2022/03/20 22:34:26 base.go:19: &{layout.html 0xc00035c240 0xc0003385a0  }
2022/03/20 22:34:26 base.go:19: &{layout.html 0xc00035cea0 0xc000338640  }
2022/03/20 22:34:26 base.go:19: &{layout.html 0xc00035db00 0xc0003386e0  }
2022/03/20 22:34:32 base.go:19: &{layout.html 0xc0003ecea0 0xc0003b2690  }
2022/03/20 22:34:32 base.go:19: &{layout.html 0xc0003ed9e0 0xc0003b2730  }
2022/03/20 22:34:32 base.go:19: &{layout.html 0xc0003f85a0 0xc0003b27d0  }
2022/03/20 22:34:32 base.go:19: &{layout.html 0xc000158d80 0xc0000972c0  }
2022/03/20 22:34:32 base.go:19: &{layout.html 0xc00036e6c0 0xc000338780  }
2022/03/20 22:34:32 base.go:19: &{layout.html 0xc0003f90e0 0xc0003b2870  }
